2022-06-29 12:05:34,212 INFO [org.springframework.web.context.ContextLoader] Root WebApplicationContext: initialization started []
2022-06-29 12:05:35,064 INFO [com.zaxxer.hikari.HikariDataSource] HikariPool-1 - Starting... []
2022-06-29 12:05:35,519 INFO [net.sf.log4jdbc.log.slf4j.Slf4jSpyLogDelegator] 1. Connection opened []
2022-06-29 12:05:35,519 INFO [net.sf.log4jdbc.log.slf4j.Slf4jSpyLogDelegator] 1. Connection.new Connection returned  []
2022-06-29 12:05:35,519 INFO [com.zaxxer.hikari.pool.PoolBase] HikariPool-1 - Driver does not support get/set network timeout for connections. (oracle.jdbc.driver.T4CConnection.getNetworkTimeout()I) []
2022-06-29 12:05:35,520 INFO [net.sf.log4jdbc.log.slf4j.Slf4jSpyLogDelegator] 1. Connection.isReadOnly() returned false []
2022-06-29 12:05:35,521 INFO [net.sf.log4jdbc.log.slf4j.Slf4jSpyLogDelegator] 1. Connection.getAutoCommit() returned true []
2022-06-29 12:05:35,523 INFO [net.sf.log4jdbc.log.slf4j.Slf4jSpyLogDelegator] 1. Connection.isValid(1) returned true []
2022-06-29 12:05:35,523 INFO [net.sf.log4jdbc.log.slf4j.Slf4jSpyLogDelegator] 1. Connection.getTransactionIsolation() returned 2 []
2022-06-29 12:05:35,528 INFO [com.zaxxer.hikari.HikariDataSource] HikariPool-1 - Start completed. []
2022-06-29 12:05:35,662 INFO [net.sf.log4jdbc.log.slf4j.Slf4jSpyLogDelegator] 2. Connection opened []
2022-06-29 12:05:35,663 INFO [net.sf.log4jdbc.log.slf4j.Slf4jSpyLogDelegator] 2. Connection.new Connection returned  []
2022-06-29 12:05:35,663 INFO [net.sf.log4jdbc.log.slf4j.Slf4jSpyLogDelegator] 2. Connection.isReadOnly() returned false []
2022-06-29 12:05:35,664 INFO [net.sf.log4jdbc.log.slf4j.Slf4jSpyLogDelegator] 2. Connection.getAutoCommit() returned true []
2022-06-29 12:05:35,692 INFO [net.sf.log4jdbc.log.slf4j.Slf4jSpyLogDelegator] 3. Connection opened []
2022-06-29 12:05:35,692 INFO [net.sf.log4jdbc.log.slf4j.Slf4jSpyLogDelegator] 3. Connection.new Connection returned  []
2022-06-29 12:05:35,692 INFO [net.sf.log4jdbc.log.slf4j.Slf4jSpyLogDelegator] 3. Connection.isReadOnly() returned false []
2022-06-29 12:05:35,693 INFO [net.sf.log4jdbc.log.slf4j.Slf4jSpyLogDelegator] 3. Connection.getAutoCommit() returned true []
2022-06-29 12:05:35,711 INFO [net.sf.log4jdbc.log.slf4j.Slf4jSpyLogDelegator] 4. Connection opened []
2022-06-29 12:05:35,711 INFO [net.sf.log4jdbc.log.slf4j.Slf4jSpyLogDelegator] 4. Connection.new Connection returned  []
2022-06-29 12:05:35,711 INFO [net.sf.log4jdbc.log.slf4j.Slf4jSpyLogDelegator] 4. Connection.isReadOnly() returned false []
2022-06-29 12:05:35,712 INFO [net.sf.log4jdbc.log.slf4j.Slf4jSpyLogDelegator] 4. Connection.getAutoCommit() returned true []
2022-06-29 12:05:35,737 INFO [net.sf.log4jdbc.log.slf4j.Slf4jSpyLogDelegator] 5. Connection opened []
2022-06-29 12:05:35,737 INFO [net.sf.log4jdbc.log.slf4j.Slf4jSpyLogDelegator] 5. Connection.new Connection returned  []
2022-06-29 12:05:35,737 INFO [net.sf.log4jdbc.log.slf4j.Slf4jSpyLogDelegator] 5. Connection.isReadOnly() returned false []
2022-06-29 12:05:35,737 INFO [net.sf.log4jdbc.log.slf4j.Slf4jSpyLogDelegator] 5. Connection.getAutoCommit() returned true []
2022-06-29 12:05:35,762 INFO [net.sf.log4jdbc.log.slf4j.Slf4jSpyLogDelegator] 6. Connection opened []
2022-06-29 12:05:35,762 INFO [net.sf.log4jdbc.log.slf4j.Slf4jSpyLogDelegator] 6. Connection.new Connection returned  []
2022-06-29 12:05:35,762 INFO [net.sf.log4jdbc.log.slf4j.Slf4jSpyLogDelegator] 6. Connection.isReadOnly() returned false []
2022-06-29 12:05:35,762 INFO [net.sf.log4jdbc.log.slf4j.Slf4jSpyLogDelegator] 6. Connection.getAutoCommit() returned true []
2022-06-29 12:05:35,790 INFO [net.sf.log4jdbc.log.slf4j.Slf4jSpyLogDelegator] 7. Connection opened []
2022-06-29 12:05:35,791 INFO [net.sf.log4jdbc.log.slf4j.Slf4jSpyLogDelegator] 7. Connection.new Connection returned  []
2022-06-29 12:05:35,791 INFO [net.sf.log4jdbc.log.slf4j.Slf4jSpyLogDelegator] 7. Connection.isReadOnly() returned false []
2022-06-29 12:05:35,791 INFO [net.sf.log4jdbc.log.slf4j.Slf4jSpyLogDelegator] 7. Connection.getAutoCommit() returned true []
2022-06-29 12:05:35,823 INFO [net.sf.log4jdbc.log.slf4j.Slf4jSpyLogDelegator] 8. Connection opened []
2022-06-29 12:05:35,823 INFO [net.sf.log4jdbc.log.slf4j.Slf4jSpyLogDelegator] 8. Connection.new Connection returned  []
2022-06-29 12:05:35,823 INFO [net.sf.log4jdbc.log.slf4j.Slf4jSpyLogDelegator] 8. Connection.isReadOnly() returned false []
2022-06-29 12:05:35,824 INFO [net.sf.log4jdbc.log.slf4j.Slf4jSpyLogDelegator] 8. Connection.getAutoCommit() returned true []
2022-06-29 12:05:35,843 INFO [net.sf.log4jdbc.log.slf4j.Slf4jSpyLogDelegator] 9. Connection opened []
2022-06-29 12:05:35,844 INFO [net.sf.log4jdbc.log.slf4j.Slf4jSpyLogDelegator] 9. Connection.new Connection returned  []
2022-06-29 12:05:35,844 INFO [net.sf.log4jdbc.log.slf4j.Slf4jSpyLogDelegator] 9. Connection.isReadOnly() returned false []
2022-06-29 12:05:35,844 INFO [net.sf.log4jdbc.log.slf4j.Slf4jSpyLogDelegator] 9. Connection.getAutoCommit() returned true []
2022-06-29 12:05:35,861 INFO [net.sf.log4jdbc.log.slf4j.Slf4jSpyLogDelegator] 10. Connection opened []
2022-06-29 12:05:35,861 INFO [net.sf.log4jdbc.log.slf4j.Slf4jSpyLogDelegator] 10. Connection.new Connection returned  []
2022-06-29 12:05:35,861 INFO [net.sf.log4jdbc.log.slf4j.Slf4jSpyLogDelegator] 10. Connection.isReadOnly() returned false []
2022-06-29 12:05:35,861 INFO [net.sf.log4jdbc.log.slf4j.Slf4jSpyLogDelegator] 10. Connection.getAutoCommit() returned true []
2022-06-29 12:05:36,018 INFO [org.springframework.web.context.ContextLoader] Root WebApplicationContext initialized in 1801 ms []
2022-06-29 12:05:36,083 INFO [org.springframework.web.servlet.FrameworkServlet] Initializing Servlet 'appServlet' []
2022-06-29 12:05:38,158 INFO [org.springframework.web.servlet.FrameworkServlet] Completed initialization in 2075 ms []
2022-06-29 12:05:39,442 INFO [com.spring.myweb.HomeController] Welcome home! The client locale is ko_KR. []
2022-06-29 12:05:47,439 INFO [com.spring.myweb.util.aop.LogAdvice] 실행 중인 클래스 : com.spring.myweb.user.service.UserService@18313a9b []
2022-06-29 12:05:47,443 INFO [com.spring.myweb.util.aop.LogAdvice] 실행 메서드 : UserVO com.spring.myweb.user.service.IUserService.login(String,String) []
2022-06-29 12:05:47,444 INFO [com.spring.myweb.util.aop.LogAdvice] 매개 값 : [moon123, abc12345] []
2022-06-29 12:05:47,495 INFO [net.sf.log4jdbc.log.slf4j.Slf4jSpyLogDelegator] 1. Connection.isValid(5) returned true []
2022-06-29 12:05:47,502 INFO [net.sf.log4jdbc.log.slf4j.Slf4jSpyLogDelegator] 1. Connection.getAutoCommit() returned true []
2022-06-29 12:05:47,738 INFO [net.sf.log4jdbc.log.slf4j.Slf4jSpyLogDelegator] 1. PreparedStatement.new PreparedStatement returned  []
2022-06-29 12:05:47,739 INFO [net.sf.log4jdbc.log.slf4j.Slf4jSpyLogDelegator] 1. Connection.prepareStatement(SELECT * FROM users
		WHERE userId =
		? and userPw = ?) returned net.sf.log4jdbc.sql.jdbcapi.PreparedStatementSpy@483ba516 []
2022-06-29 12:05:47,746 INFO [net.sf.log4jdbc.log.slf4j.Slf4jSpyLogDelegator] 1. PreparedStatement.setQueryTimeout(3000) returned  []
2022-06-29 12:05:47,748 INFO [net.sf.log4jdbc.log.slf4j.Slf4jSpyLogDelegator] 1. PreparedStatement.setString(1, "moon123") returned  []
2022-06-29 12:05:47,750 INFO [net.sf.log4jdbc.log.slf4j.Slf4jSpyLogDelegator] 1. PreparedStatement.setString(2, "abc12345") returned  []
2022-06-29 12:05:47,755 INFO [net.sf.log4jdbc.log.slf4j.Slf4jSpyLogDelegator] SELECT * FROM users WHERE userId = 'moon123' and userPw = 'abc12345' 
 []
2022-06-29 12:05:47,806 INFO [net.sf.log4jdbc.log.slf4j.Slf4jSpyLogDelegator] SELECT * FROM users WHERE userId = 'moon123' and userPw = 'abc12345' 
 {executed in 50 msec} []
2022-06-29 12:05:47,807 INFO [net.sf.log4jdbc.log.slf4j.Slf4jSpyLogDelegator] 1. PreparedStatement.execute() returned true []
2022-06-29 12:05:47,822 INFO [net.sf.log4jdbc.log.slf4j.Slf4jSpyLogDelegator] 1. ResultSet.new ResultSet returned  []
2022-06-29 12:05:47,823 INFO [net.sf.log4jdbc.log.slf4j.Slf4jSpyLogDelegator] 1. PreparedStatement.getResultSet() returned net.sf.log4jdbc.sql.jdbcapi.ResultSetSpy@6a9640cc []
2022-06-29 12:05:47,834 INFO [net.sf.log4jdbc.log.slf4j.Slf4jSpyLogDelegator] 1. ResultSet.getMetaData() returned oracle.jdbc.driver.OracleResultSetMetaData@246f4b25 []
2022-06-29 12:05:47,837 INFO [net.sf.log4jdbc.log.slf4j.Slf4jSpyLogDelegator] 1. ResultSet.getType() returned 1003 []
2022-06-29 12:05:47,838 INFO [net.sf.log4jdbc.log.slf4j.Slf4jSpyLogDelegator] 1. ResultSet.next() returned true []
2022-06-29 12:05:47,842 INFO [net.sf.log4jdbc.log.slf4j.Slf4jSpyLogDelegator] 1. ResultSet.getString(USERID) returned moon123 []
2022-06-29 12:05:47,844 INFO [net.sf.log4jdbc.log.slf4j.Slf4jSpyLogDelegator] 1. ResultSet.wasNull() returned false []
2022-06-29 12:05:47,845 INFO [net.sf.log4jdbc.log.slf4j.Slf4jSpyLogDelegator] 1. ResultSet.getString(USERPW) returned abc12345 []
2022-06-29 12:05:47,845 INFO [net.sf.log4jdbc.log.slf4j.Slf4jSpyLogDelegator] 1. ResultSet.wasNull() returned false []
2022-06-29 12:05:47,846 INFO [net.sf.log4jdbc.log.slf4j.Slf4jSpyLogDelegator] 1. ResultSet.getString(USERNAME) returned 문경록 []
2022-06-29 12:05:47,846 INFO [net.sf.log4jdbc.log.slf4j.Slf4jSpyLogDelegator] 1. ResultSet.wasNull() returned false []
2022-06-29 12:05:47,847 INFO [net.sf.log4jdbc.log.slf4j.Slf4jSpyLogDelegator] 1. ResultSet.getString(USERPHONE1) returned 010 []
2022-06-29 12:05:47,847 INFO [net.sf.log4jdbc.log.slf4j.Slf4jSpyLogDelegator] 1. ResultSet.wasNull() returned false []
2022-06-29 12:05:47,849 INFO [net.sf.log4jdbc.log.slf4j.Slf4jSpyLogDelegator] 1. ResultSet.getString(USERPHONE2) returned 123123 []
2022-06-29 12:05:47,849 INFO [net.sf.log4jdbc.log.slf4j.Slf4jSpyLogDelegator] 1. ResultSet.wasNull() returned false []
2022-06-29 12:05:47,850 INFO [net.sf.log4jdbc.log.slf4j.Slf4jSpyLogDelegator] 1. ResultSet.getString(USEREMAIL) returned fpdl1006 []
2022-06-29 12:05:47,850 INFO [net.sf.log4jdbc.log.slf4j.Slf4jSpyLogDelegator] 1. ResultSet.wasNull() returned false []
2022-06-29 12:05:47,853 INFO [net.sf.log4jdbc.log.slf4j.Slf4jSpyLogDelegator] 1. ResultSet.getString(USEREMAIL2) returned @naver.com []
2022-06-29 12:05:47,854 INFO [net.sf.log4jdbc.log.slf4j.Slf4jSpyLogDelegator] 1. ResultSet.wasNull() returned false []
2022-06-29 12:05:47,855 INFO [net.sf.log4jdbc.log.slf4j.Slf4jSpyLogDelegator] 1. ResultSet.getString(ADDRBASIC) returned 경기 성남시 분당구 판교역로 235 []
2022-06-29 12:05:47,855 INFO [net.sf.log4jdbc.log.slf4j.Slf4jSpyLogDelegator] 1. ResultSet.wasNull() returned false []
2022-06-29 12:05:47,856 INFO [net.sf.log4jdbc.log.slf4j.Slf4jSpyLogDelegator] 1. ResultSet.getString(ADDRDETAIL) returned ㅋㅋㅇ []
2022-06-29 12:05:47,857 INFO [net.sf.log4jdbc.log.slf4j.Slf4jSpyLogDelegator] 1. ResultSet.wasNull() returned false []
2022-06-29 12:05:47,858 INFO [net.sf.log4jdbc.log.slf4j.Slf4jSpyLogDelegator] 1. ResultSet.getString(ADDRZIPNUM) returned void []
2022-06-29 12:05:47,858 INFO [net.sf.log4jdbc.log.slf4j.Slf4jSpyLogDelegator] 1. ResultSet.wasNull() returned true []
2022-06-29 12:05:47,859 INFO [net.sf.log4jdbc.log.slf4j.Slf4jSpyLogDelegator] 1. ResultSet.getTimestamp(REGDATE) returned 2022-06-23 09:18:41.0 []
2022-06-29 12:05:47,860 INFO [net.sf.log4jdbc.log.slf4j.Slf4jSpyLogDelegator] 1. ResultSet.wasNull() returned false []
2022-06-29 12:05:47,863 INFO [net.sf.log4jdbc.log.slf4j.Slf4jSpyLogDelegator] 
|--------|---------|---------|-----------|-----------|----------|-----------|--------------------|-----------|-----------|----------------------|
|userid  |userpw   |username |userphone1 |userphone2 |useremail |useremail2 |addrbasic           |addrdetail |addrzipnum |regdate               |
|--------|---------|---------|-----------|-----------|----------|-----------|--------------------|-----------|-----------|----------------------|
|moon123 |abc12345 |문경록      |010        |123123     |fpdl1006  |@naver.com |경기 성남시 분당구 판교역로 235 |ㅋㅋㅇ        |[null]     |2022-06-23 09:18:41.0 |
|--------|---------|---------|-----------|-----------|----------|-----------|--------------------|-----------|-----------|----------------------|
 []
2022-06-29 12:05:47,864 INFO [net.sf.log4jdbc.log.slf4j.Slf4jSpyLogDelegator] 1. ResultSet.next() returned false []
2022-06-29 12:05:47,865 INFO [net.sf.log4jdbc.log.slf4j.Slf4jSpyLogDelegator] 1. ResultSet.close() returned void []
2022-06-29 12:05:47,865 INFO [net.sf.log4jdbc.log.slf4j.Slf4jSpyLogDelegator] 1. Connection.getMetaData() returned oracle.jdbc.driver.OracleDatabaseMetaData@45300aed []
2022-06-29 12:05:47,866 INFO [net.sf.log4jdbc.log.slf4j.Slf4jSpyLogDelegator] 1. PreparedStatement.isClosed() returned false []
2022-06-29 12:05:47,867 INFO [net.sf.log4jdbc.log.slf4j.Slf4jSpyLogDelegator] 1. PreparedStatement.close() returned  []
2022-06-29 12:05:47,873 INFO [net.sf.log4jdbc.log.slf4j.Slf4jSpyLogDelegator] 1. Connection.clearWarnings() returned  []
2022-06-29 12:05:47,874 INFO [com.spring.myweb.util.aop.LogAdvice] 메서드 소요 시간 : 0.435초 []
2022-06-29 12:05:47,924 INFO [com.spring.myweb.HomeController] Welcome home! The client locale is ko_KR. []
2022-06-29 12:08:18,698 INFO [com.zaxxer.hikari.HikariDataSource] HikariPool-1 - Shutdown initiated... []
2022-06-29 12:08:18,702 INFO [net.sf.log4jdbc.log.slf4j.Slf4jSpyLogDelegator] 1. Connection closed []
2022-06-29 12:08:18,703 INFO [net.sf.log4jdbc.log.slf4j.Slf4jSpyLogDelegator] 1. Connection.close() returned  []
2022-06-29 12:08:18,703 INFO [net.sf.log4jdbc.log.slf4j.Slf4jSpyLogDelegator] 2. Connection closed []
2022-06-29 12:08:18,703 INFO [net.sf.log4jdbc.log.slf4j.Slf4jSpyLogDelegator] 2. Connection.close() returned  []
2022-06-29 12:08:18,704 INFO [net.sf.log4jdbc.log.slf4j.Slf4jSpyLogDelegator] 3. Connection closed []
2022-06-29 12:08:18,704 INFO [net.sf.log4jdbc.log.slf4j.Slf4jSpyLogDelegator] 3. Connection.close() returned  []
2022-06-29 12:08:18,705 INFO [net.sf.log4jdbc.log.slf4j.Slf4jSpyLogDelegator] 4. Connection closed []
2022-06-29 12:08:18,705 INFO [net.sf.log4jdbc.log.slf4j.Slf4jSpyLogDelegator] 4. Connection.close() returned  []
2022-06-29 12:08:18,706 INFO [net.sf.log4jdbc.log.slf4j.Slf4jSpyLogDelegator] 5. Connection closed []
2022-06-29 12:08:18,706 INFO [net.sf.log4jdbc.log.slf4j.Slf4jSpyLogDelegator] 5. Connection.close() returned  []
2022-06-29 12:08:18,707 INFO [net.sf.log4jdbc.log.slf4j.Slf4jSpyLogDelegator] 6. Connection closed []
2022-06-29 12:08:18,707 INFO [net.sf.log4jdbc.log.slf4j.Slf4jSpyLogDelegator] 6. Connection.close() returned  []
2022-06-29 12:08:18,707 INFO [net.sf.log4jdbc.log.slf4j.Slf4jSpyLogDelegator] 7. Connection closed []
2022-06-29 12:08:18,708 INFO [net.sf.log4jdbc.log.slf4j.Slf4jSpyLogDelegator] 7. Connection.close() returned  []
2022-06-29 12:08:18,708 INFO [net.sf.log4jdbc.log.slf4j.Slf4jSpyLogDelegator] 8. Connection closed []
2022-06-29 12:08:18,708 INFO [net.sf.log4jdbc.log.slf4j.Slf4jSpyLogDelegator] 8. Connection.close() returned  []
2022-06-29 12:08:18,709 INFO [net.sf.log4jdbc.log.slf4j.Slf4jSpyLogDelegator] 9. Connection closed []
2022-06-29 12:08:18,709 INFO [net.sf.log4jdbc.log.slf4j.Slf4jSpyLogDelegator] 9. Connection.close() returned  []
2022-06-29 12:08:18,710 INFO [net.sf.log4jdbc.log.slf4j.Slf4jSpyLogDelegator] 10. Connection closed []
2022-06-29 12:08:18,710 INFO [net.sf.log4jdbc.log.slf4j.Slf4jSpyLogDelegator] 10. Connection.close() returned  []
2022-06-29 12:08:18,711 INFO [com.zaxxer.hikari.HikariDataSource] HikariPool-1 - Shutdown completed. []
2022-06-29 12:17:01,035 INFO [org.springframework.web.context.ContextLoader] Root WebApplicationContext: initialization started []
2022-06-29 12:17:02,050 INFO [com.zaxxer.hikari.HikariDataSource] HikariPool-1 - Starting... []
2022-06-29 12:17:02,536 INFO [com.zaxxer.hikari.pool.PoolBase] HikariPool-1 - Driver does not support get/set network timeout for connections. (oracle.jdbc.driver.T4CConnection.getNetworkTimeout()I) []
2022-06-29 12:17:02,545 INFO [com.zaxxer.hikari.HikariDataSource] HikariPool-1 - Start completed. []
2022-06-29 12:17:03,081 INFO [org.springframework.web.context.ContextLoader] Root WebApplicationContext initialized in 2040 ms []
2022-06-29 12:17:03,159 INFO [org.springframework.web.servlet.FrameworkServlet] Initializing Servlet 'appServlet' []
2022-06-29 12:17:05,623 INFO [org.springframework.web.servlet.FrameworkServlet] Completed initialization in 2463 ms []
2022-06-29 12:17:07,260 INFO [com.spring.myweb.HomeController] Welcome home! The client locale is ko_KR. []
2022-06-29 12:17:19,804 INFO [com.spring.myweb.util.aop.LogAdvice] 실행 중인 클래스 : com.spring.myweb.user.service.UserService@2e22c736 []
2022-06-29 12:17:19,808 INFO [com.spring.myweb.util.aop.LogAdvice] 실행 메서드 : UserVO com.spring.myweb.user.service.IUserService.login(String,String) []
2022-06-29 12:17:19,809 INFO [com.spring.myweb.util.aop.LogAdvice] 매개 값 : [moon123, abc12345] []
2022-06-29 12:17:20,154 INFO [com.spring.myweb.util.aop.LogAdvice] 메서드 소요 시간 : 0.35000000000000003초 []
2022-06-29 12:17:20,196 INFO [com.spring.myweb.HomeController] Welcome home! The client locale is ko_KR. []
2022-06-29 12:17:46,096 INFO [com.spring.myweb.util.aop.LogAdvice] 실행 중인 클래스 : com.spring.myweb.freeboard.service.FreeBoardService@50c224b9 []
2022-06-29 12:17:46,097 INFO [com.spring.myweb.util.aop.LogAdvice] 실행 메서드 : List com.spring.myweb.freeboard.service.IFreeBoardService.getList(PageVO) []
2022-06-29 12:17:46,097 INFO [com.spring.myweb.util.aop.LogAdvice] 매개 값 : [PageVO(pageNum=1, cpp=5, keyword=null, condition=null)] []
2022-06-29 12:17:46,189 INFO [com.spring.myweb.util.aop.LogAdvice] 메서드 소요 시간 : 0.093초 []
2022-06-29 12:17:46,192 INFO [com.spring.myweb.util.aop.LogAdvice] 실행 중인 클래스 : com.spring.myweb.freeboard.service.FreeBoardService@50c224b9 []
2022-06-29 12:17:46,192 INFO [com.spring.myweb.util.aop.LogAdvice] 실행 메서드 : int com.spring.myweb.freeboard.service.IFreeBoardService.getTotal(PageVO) []
2022-06-29 12:17:46,192 INFO [com.spring.myweb.util.aop.LogAdvice] 매개 값 : [PageVO(pageNum=1, cpp=5, keyword=null, condition=null)] []
2022-06-29 12:17:46,203 INFO [com.spring.myweb.util.aop.LogAdvice] 메서드 소요 시간 : 0.011초 []
