2022-06-30 10:21:20,256 INFO [org.springframework.web.context.ContextLoader] Root WebApplicationContext: initialization started []
2022-06-30 10:21:20,783 INFO [com.zaxxer.hikari.HikariDataSource] HikariPool-1 - Starting... []
2022-06-30 10:21:22,332 INFO [com.zaxxer.hikari.HikariDataSource] HikariPool-1 - Start completed. []
2022-06-30 10:21:22,390 WARN [org.springframework.context.support.AbstractApplicationContext] Exception encountered during context initialization - cancelling refresh attempt: org.springframework.beans.factory.BeanCreationException: Error creating bean with name 'sqlSessionFactory' defined in ServletContext resource [/WEB-INF/spring/root-context.xml]: Initialization of bean failed; nested exception is org.springframework.beans.TypeMismatchException: Failed to convert property value of type 'java.lang.String' to required type 'org.springframework.core.io.Resource[]' for property 'mapperLocations'; nested exception is java.lang.IllegalArgumentException: Could not resolve resource location pattern [classpath:/mappers/*Mapper.xml]: class path resource [mappers/] cannot be resolved to URL because it does not exist []
2022-06-30 10:21:22,391 INFO [com.zaxxer.hikari.HikariDataSource] HikariPool-1 - Shutdown initiated... []
2022-06-30 10:21:22,412 INFO [com.zaxxer.hikari.HikariDataSource] HikariPool-1 - Shutdown completed. []
2022-06-30 10:21:22,437 ERROR [org.springframework.web.context.ContextLoader] Context initialization failed []
org.springframework.beans.factory.BeanCreationException: Error creating bean with name 'sqlSessionFactory' defined in ServletContext resource [/WEB-INF/spring/root-context.xml]: Initialization of bean failed; nested exception is org.springframework.beans.TypeMismatchException: Failed to convert property value of type 'java.lang.String' to required type 'org.springframework.core.io.Resource[]' for property 'mapperLocations'; nested exception is java.lang.IllegalArgumentException: Could not resolve resource location pattern [classpath:/mappers/*Mapper.xml]: class path resource [mappers/] cannot be resolved to URL because it does not exist
	at org.springframework.beans.factory.support.AbstractAutowireCapableBeanFactory.doCreateBean(AbstractAutowireCapableBeanFactory.java:628)
	at org.springframework.beans.factory.support.AbstractAutowireCapableBeanFactory.createBean(AbstractAutowireCapableBeanFactory.java:542)
	at org.springframework.beans.factory.support.AbstractBeanFactory.lambda$doGetBean$0(AbstractBeanFactory.java:335)
	at org.springframework.beans.factory.support.DefaultSingletonBeanRegistry.getSingleton(DefaultSingletonBeanRegistry.java:234)
	at org.springframework.beans.factory.support.AbstractBeanFactory.doGetBean(AbstractBeanFactory.java:333)
	at org.springframework.beans.factory.support.AbstractBeanFactory.getBean(AbstractBeanFactory.java:208)
	at org.springframework.beans.factory.support.DefaultListableBeanFactory.preInstantiateSingletons(DefaultListableBeanFactory.java:934)
	at org.springframework.context.support.AbstractApplicationContext.finishBeanFactoryInitialization(AbstractApplicationContext.java:918)
	at org.springframework.context.support.AbstractApplicationContext.refresh(AbstractApplicationContext.java:583)
	at org.springframework.web.context.ContextLoader.configureAndRefreshWebApplicationContext(ContextLoader.java:401)
	at org.springframework.web.context.ContextLoader.initWebApplicationContext(ContextLoader.java:292)
	at org.springframework.web.context.ContextLoaderListener.contextInitialized(ContextLoaderListener.java:103)
	at org.apache.catalina.core.StandardContext.listenerStart(StandardContext.java:4768)
	at org.apache.catalina.core.StandardContext.startInternal(StandardContext.java:5230)
	at org.apache.catalina.util.LifecycleBase.start(LifecycleBase.java:183)
	at org.apache.catalina.core.ContainerBase$StartChild.call(ContainerBase.java:1396)
	at org.apache.catalina.core.ContainerBase$StartChild.call(ContainerBase.java:1386)
	at java.util.concurrent.FutureTask.run(FutureTask.java:266)
	at org.apache.tomcat.util.threads.InlineExecutorService.execute(InlineExecutorService.java:75)
	at java.util.concurrent.AbstractExecutorService.submit(AbstractExecutorService.java:134)
	at org.apache.catalina.core.ContainerBase.startInternal(ContainerBase.java:919)
	at org.apache.catalina.core.StandardHost.startInternal(StandardHost.java:835)
	at org.apache.catalina.util.LifecycleBase.start(LifecycleBase.java:183)
	at org.apache.catalina.core.ContainerBase$StartChild.call(ContainerBase.java:1396)
	at org.apache.catalina.core.ContainerBase$StartChild.call(ContainerBase.java:1386)
	at java.util.concurrent.FutureTask.run(FutureTask.java:266)
	at org.apache.tomcat.util.threads.InlineExecutorService.execute(InlineExecutorService.java:75)
	at java.util.concurrent.AbstractExecutorService.submit(AbstractExecutorService.java:134)
	at org.apache.catalina.core.ContainerBase.startInternal(ContainerBase.java:919)
	at org.apache.catalina.core.StandardEngine.startInternal(StandardEngine.java:263)
	at org.apache.catalina.util.LifecycleBase.start(LifecycleBase.java:183)
	at org.apache.catalina.core.StandardService.startInternal(StandardService.java:432)
	at org.apache.catalina.util.LifecycleBase.start(LifecycleBase.java:183)
	at org.apache.catalina.core.StandardServer.startInternal(StandardServer.java:930)
	at org.apache.catalina.util.LifecycleBase.start(LifecycleBase.java:183)
	at org.apache.catalina.startup.Catalina.start(Catalina.java:772)
	at sun.reflect.NativeMethodAccessorImpl.invoke0(Native Method)
	at sun.reflect.NativeMethodAccessorImpl.invoke(NativeMethodAccessorImpl.java:62)
	at sun.reflect.DelegatingMethodAccessorImpl.invoke(DelegatingMethodAccessorImpl.java:43)
	at java.lang.reflect.Method.invoke(Method.java:498)
	at org.apache.catalina.startup.Bootstrap.start(Bootstrap.java:345)
	at org.apache.catalina.startup.Bootstrap.main(Bootstrap.java:476)
Caused by: org.springframework.beans.TypeMismatchException: Failed to convert property value of type 'java.lang.String' to required type 'org.springframework.core.io.Resource[]' for property 'mapperLocations'; nested exception is java.lang.IllegalArgumentException: Could not resolve resource location pattern [classpath:/mappers/*Mapper.xml]: class path resource [mappers/] cannot be resolved to URL because it does not exist
	at org.springframework.beans.AbstractNestablePropertyAccessor.convertIfNecessary(AbstractNestablePropertyAccessor.java:600)
	at org.springframework.beans.AbstractNestablePropertyAccessor.convertForProperty(AbstractNestablePropertyAccessor.java:609)
	at org.springframework.beans.BeanWrapperImpl.convertForProperty(BeanWrapperImpl.java:219)
	at org.springframework.beans.factory.support.AbstractAutowireCapableBeanFactory.convertForProperty(AbstractAutowireCapableBeanFactory.java:1756)
	at org.springframework.beans.factory.support.AbstractAutowireCapableBeanFactory.applyPropertyValues(AbstractAutowireCapableBeanFactory.java:1712)
	at org.springframework.beans.factory.support.AbstractAutowireCapableBeanFactory.populateBean(AbstractAutowireCapableBeanFactory.java:1452)
	at org.springframework.beans.factory.support.AbstractAutowireCapableBeanFactory.doCreateBean(AbstractAutowireCapableBeanFactory.java:619)
	... 41 more
Caused by: java.lang.IllegalArgumentException: Could not resolve resource location pattern [classpath:/mappers/*Mapper.xml]: class path resource [mappers/] cannot be resolved to URL because it does not exist
	at org.springframework.core.io.support.ResourceArrayPropertyEditor.setAsText(ResourceArrayPropertyEditor.java:121)
	at org.springframework.beans.TypeConverterDelegate.doConvertTextValue(TypeConverterDelegate.java:429)
	at org.springframework.beans.TypeConverterDelegate.doConvertValue(TypeConverterDelegate.java:402)
	at org.springframework.beans.TypeConverterDelegate.convertIfNecessary(TypeConverterDelegate.java:155)
	at org.springframework.beans.AbstractNestablePropertyAccessor.convertIfNecessary(AbstractNestablePropertyAccessor.java:590)
	... 47 more
2022-06-30 10:24:34,411 INFO [org.springframework.web.context.ContextLoader] Root WebApplicationContext: initialization started []
2022-06-30 10:24:34,759 INFO [org.springframework.web.context.ContextLoader] Root WebApplicationContext initialized in 342 ms []
2022-06-30 10:24:34,843 INFO [org.springframework.web.servlet.FrameworkServlet] Initializing Servlet 'appServlet' []
2022-06-30 10:24:35,996 INFO [org.springframework.web.servlet.FrameworkServlet] Completed initialization in 1153 ms []
2022-06-30 10:24:36,477 WARN [org.springframework.web.servlet.DispatcherServlet] No mapping for GET /pr/ []
2022-06-30 10:31:02,317 INFO [org.springframework.web.context.ContextLoader] Root WebApplicationContext: initialization started []
2022-06-30 10:31:02,658 INFO [org.springframework.web.context.ContextLoader] Root WebApplicationContext initialized in 336 ms []
2022-06-30 10:31:02,741 INFO [org.springframework.web.servlet.FrameworkServlet] Initializing Servlet 'appServlet' []
2022-06-30 10:31:04,010 INFO [org.springframework.web.servlet.FrameworkServlet] Completed initialization in 1268 ms []
2022-06-30 10:31:10,782 INFO [com.spring.pr.HomeController] Welcome home! The client locale is ko_KR. []
2022-06-30 10:32:13,439 INFO [org.springframework.web.context.ContextLoader] Root WebApplicationContext: initialization started []
2022-06-30 10:32:13,743 INFO [org.springframework.web.context.ContextLoader] Root WebApplicationContext initialized in 301 ms []
2022-06-30 10:32:13,829 INFO [org.springframework.web.servlet.FrameworkServlet] Initializing Servlet 'appServlet' []
2022-06-30 10:32:15,160 INFO [org.springframework.web.servlet.FrameworkServlet] Completed initialization in 1330 ms []
2022-06-30 10:32:21,656 INFO [com.spring.pr.HomeController] Welcome home! The client locale is ko_KR. []
2022-06-30 10:36:06,978 INFO [org.springframework.web.context.ContextLoader] Root WebApplicationContext: initialization started []
2022-06-30 10:36:07,314 INFO [org.springframework.web.context.ContextLoader] Root WebApplicationContext initialized in 329 ms []
2022-06-30 10:36:07,413 INFO [org.springframework.web.servlet.FrameworkServlet] Initializing Servlet 'appServlet' []
2022-06-30 10:36:08,675 INFO [org.springframework.web.servlet.FrameworkServlet] Completed initialization in 1262 ms []
2022-06-30 10:36:15,464 INFO [com.spring.pr.HomeController] Welcome home! The client locale is ko_KR. []
2022-06-30 10:36:58,940 INFO [com.spring.pr.HomeController] Welcome home! The client locale is ko_KR. []
2022-06-30 10:39:53,523 INFO [com.spring.pr.HomeController] Welcome home! The client locale is ko_KR. []
2022-06-30 10:40:08,398 INFO [com.spring.pr.HomeController] Welcome home! The client locale is ko_KR. []
2022-06-30 10:40:23,645 INFO [com.spring.pr.HomeController] Welcome home! The client locale is ko_KR. []
2022-06-30 10:40:24,329 INFO [com.spring.pr.HomeController] Welcome home! The client locale is ko_KR. []
2022-06-30 10:40:24,899 INFO [com.spring.pr.HomeController] Welcome home! The client locale is ko_KR. []
2022-06-30 10:40:25,868 INFO [com.spring.pr.HomeController] Welcome home! The client locale is ko_KR. []
2022-06-30 10:40:26,465 INFO [com.spring.pr.HomeController] Welcome home! The client locale is ko_KR. []
2022-06-30 10:40:26,921 INFO [com.spring.pr.HomeController] Welcome home! The client locale is ko_KR. []
2022-06-30 10:40:27,268 INFO [com.spring.pr.HomeController] Welcome home! The client locale is ko_KR. []
2022-06-30 12:04:42,847 INFO [org.springframework.web.context.ContextLoader] Root WebApplicationContext: initialization started []
2022-06-30 12:04:43,464 INFO [com.zaxxer.hikari.HikariDataSource] HikariPool-1 - Starting... []
2022-06-30 12:04:44,916 INFO [com.zaxxer.hikari.HikariDataSource] HikariPool-1 - Start completed. []
2022-06-30 12:04:45,455 INFO [org.springframework.web.context.ContextLoader] Root WebApplicationContext initialized in 2598 ms []
2022-06-30 12:04:45,543 INFO [org.springframework.web.servlet.FrameworkServlet] Initializing Servlet 'appServlet' []
2022-06-30 12:04:46,774 INFO [org.springframework.web.servlet.FrameworkServlet] Completed initialization in 1230 ms []
2022-06-30 12:04:52,725 INFO [com.spring.pr.HomeController] Welcome home! The client locale is ko_KR. []
2022-06-30 12:05:44,638 INFO [com.zaxxer.hikari.HikariDataSource] HikariPool-1 - Shutdown initiated... []
2022-06-30 12:05:44,885 INFO [com.zaxxer.hikari.HikariDataSource] HikariPool-1 - Shutdown completed. []
2022-06-30 12:05:48,708 INFO [org.springframework.web.context.ContextLoader] Root WebApplicationContext: initialization started []
2022-06-30 12:05:49,316 INFO [com.zaxxer.hikari.HikariDataSource] HikariPool-1 - Starting... []
2022-06-30 12:05:50,882 INFO [com.zaxxer.hikari.HikariDataSource] HikariPool-1 - Start completed. []
2022-06-30 12:05:51,380 INFO [org.springframework.web.context.ContextLoader] Root WebApplicationContext initialized in 2666 ms []
2022-06-30 12:05:51,495 INFO [org.springframework.web.servlet.FrameworkServlet] Initializing Servlet 'appServlet' []
2022-06-30 12:05:52,735 INFO [org.springframework.web.servlet.FrameworkServlet] Completed initialization in 1239 ms []
2022-06-30 12:06:01,996 INFO [com.spring.pr.HomeController] Welcome home! The client locale is ko_KR. []
2022-06-30 12:06:42,596 INFO [com.spring.pr.HomeController] Welcome home! The client locale is ko_KR. []
2022-06-30 12:07:17,503 INFO [com.zaxxer.hikari.HikariDataSource] HikariPool-1 - Shutdown initiated... []
2022-06-30 12:07:17,803 INFO [com.zaxxer.hikari.HikariDataSource] HikariPool-1 - Shutdown completed. []
2022-06-30 12:07:18,953 INFO [org.springframework.web.context.ContextLoader] Root WebApplicationContext: initialization started []
2022-06-30 12:07:19,158 ERROR [org.springframework.web.context.ContextLoader] Context initialization failed []
org.springframework.beans.factory.BeanDefinitionStoreException: Failed to read candidate component class: file [/Users/sig6774/Review_Spring/.metadata/.plugins/org.eclipse.wst.server.core/tmp0/wtpwebapps/Pr_Spring/WEB-INF/classes/com/spring/pr/board/mapper/IBoardMapper.class]; nested exception is java.nio.channels.ClosedByInterruptException
	at org.springframework.context.annotation.ClassPathScanningCandidateComponentProvider.scanCandidateComponents(ClassPathScanningCandidateComponentProvider.java:457)
	at org.springframework.context.annotation.ClassPathScanningCandidateComponentProvider.findCandidateComponents(ClassPathScanningCandidateComponentProvider.java:316)
	at org.springframework.context.annotation.ClassPathBeanDefinitionScanner.doScan(ClassPathBeanDefinitionScanner.java:276)
	at org.mybatis.spring.mapper.ClassPathMapperScanner.doScan(ClassPathMapperScanner.java:163)
	at org.springframework.context.annotation.ClassPathBeanDefinitionScanner.scan(ClassPathBeanDefinitionScanner.java:254)
	at org.mybatis.spring.config.MapperScannerBeanDefinitionParser.parse(MapperScannerBeanDefinitionParser.java:89)
	at org.springframework.beans.factory.xml.NamespaceHandlerSupport.parse(NamespaceHandlerSupport.java:74)
	at org.springframework.beans.factory.xml.BeanDefinitionParserDelegate.parseCustomElement(BeanDefinitionParserDelegate.java:1391)
	at org.springframework.beans.factory.xml.BeanDefinitionParserDelegate.parseCustomElement(BeanDefinitionParserDelegate.java:1371)
	at org.springframework.beans.factory.xml.DefaultBeanDefinitionDocumentReader.parseBeanDefinitions(DefaultBeanDefinitionDocumentReader.java:179)
	at org.springframework.beans.factory.xml.DefaultBeanDefinitionDocumentReader.doRegisterBeanDefinitions(DefaultBeanDefinitionDocumentReader.java:149)
	at org.springframework.beans.factory.xml.DefaultBeanDefinitionDocumentReader.registerBeanDefinitions(DefaultBeanDefinitionDocumentReader.java:96)
	at org.springframework.beans.factory.xml.XmlBeanDefinitionReader.registerBeanDefinitions(XmlBeanDefinitionReader.java:511)
	at org.springframework.beans.factory.xml.XmlBeanDefinitionReader.doLoadBeanDefinitions(XmlBeanDefinitionReader.java:391)
	at org.springframework.beans.factory.xml.XmlBeanDefinitionReader.loadBeanDefinitions(XmlBeanDefinitionReader.java:338)
	at org.springframework.beans.factory.xml.XmlBeanDefinitionReader.loadBeanDefinitions(XmlBeanDefinitionReader.java:310)
	at org.springframework.beans.factory.support.AbstractBeanDefinitionReader.loadBeanDefinitions(AbstractBeanDefinitionReader.java:196)
	at org.springframework.beans.factory.support.AbstractBeanDefinitionReader.loadBeanDefinitions(AbstractBeanDefinitionReader.java:232)
	at org.springframework.beans.factory.support.AbstractBeanDefinitionReader.loadBeanDefinitions(AbstractBeanDefinitionReader.java:203)
	at org.springframework.web.context.support.XmlWebApplicationContext.loadBeanDefinitions(XmlWebApplicationContext.java:125)
	at org.springframework.web.context.support.XmlWebApplicationContext.loadBeanDefinitions(XmlWebApplicationContext.java:94)
	at org.springframework.context.support.AbstractRefreshableApplicationContext.refreshBeanFactory(AbstractRefreshableApplicationContext.java:130)
	at org.springframework.context.support.AbstractApplicationContext.obtainFreshBeanFactory(AbstractApplicationContext.java:671)
	at org.springframework.context.support.AbstractApplicationContext.refresh(AbstractApplicationContext.java:553)
	at org.springframework.web.context.ContextLoader.configureAndRefreshWebApplicationContext(ContextLoader.java:401)
	at org.springframework.web.context.ContextLoader.initWebApplicationContext(ContextLoader.java:292)
	at org.springframework.web.context.ContextLoaderListener.contextInitialized(ContextLoaderListener.java:103)
	at org.apache.catalina.core.StandardContext.listenerStart(StandardContext.java:4768)
	at org.apache.catalina.core.StandardContext.startInternal(StandardContext.java:5230)
	at org.apache.catalina.util.LifecycleBase.start(LifecycleBase.java:183)
	at org.apache.catalina.core.StandardContext.reload(StandardContext.java:3818)
	at org.apache.catalina.loader.WebappLoader.backgroundProcess(WebappLoader.java:311)
	at org.apache.catalina.core.StandardContext.backgroundProcess(StandardContext.java:5613)
	at org.apache.catalina.core.ContainerBase$ContainerBackgroundProcessor.processChildren(ContainerBase.java:1365)
	at org.apache.catalina.core.ContainerBase$ContainerBackgroundProcessor.processChildren(ContainerBase.java:1369)
	at org.apache.catalina.core.ContainerBase$ContainerBackgroundProcessor.processChildren(ContainerBase.java:1369)
	at org.apache.catalina.core.ContainerBase$ContainerBackgroundProcessor.run(ContainerBase.java:1347)
	at java.util.concurrent.Executors$RunnableAdapter.call(Executors.java:511)
	at java.util.concurrent.FutureTask.runAndReset(FutureTask.java:308)
	at java.util.concurrent.ScheduledThreadPoolExecutor$ScheduledFutureTask.access$301(ScheduledThreadPoolExecutor.java:180)
	at java.util.concurrent.ScheduledThreadPoolExecutor$ScheduledFutureTask.run(ScheduledThreadPoolExecutor.java:294)
	at java.util.concurrent.ThreadPoolExecutor.runWorker(ThreadPoolExecutor.java:1149)
	at java.util.concurrent.ThreadPoolExecutor$Worker.run(ThreadPoolExecutor.java:624)
	at org.apache.tomcat.util.threads.TaskThread$WrappingRunnable.run(TaskThread.java:61)
	at java.lang.Thread.run(Thread.java:750)
Caused by: java.nio.channels.ClosedByInterruptException
	at java.nio.channels.spi.AbstractInterruptibleChannel.end(AbstractInterruptibleChannel.java:202)
	at sun.nio.ch.FileChannelImpl.size(FileChannelImpl.java:315)
	at sun.nio.ch.ChannelInputStream.available(ChannelInputStream.java:116)
	at org.springframework.asm.ClassReader.computeBufferSize(ClassReader.java:340)
	at org.springframework.asm.ClassReader.readStream(ClassReader.java:316)
	at org.springframework.asm.ClassReader.<init>(ClassReader.java:287)
	at org.springframework.core.type.classreading.SimpleMetadataReader.getClassReader(SimpleMetadataReader.java:57)
	at org.springframework.core.type.classreading.SimpleMetadataReader.<init>(SimpleMetadataReader.java:49)
	at org.springframework.core.type.classreading.SimpleMetadataReaderFactory.getMetadataReader(SimpleMetadataReaderFactory.java:103)
	at org.springframework.core.type.classreading.CachingMetadataReaderFactory.getMetadataReader(CachingMetadataReaderFactory.java:123)
	at org.springframework.context.annotation.ClassPathScanningCandidateComponentProvider.scanCandidateComponents(ClassPathScanningCandidateComponentProvider.java:429)
	... 44 more
2022-06-30 12:07:22,993 INFO [org.springframework.web.context.ContextLoader] Root WebApplicationContext: initialization started []
2022-06-30 12:07:23,613 INFO [com.zaxxer.hikari.HikariDataSource] HikariPool-1 - Starting... []
2022-06-30 12:07:25,167 INFO [com.zaxxer.hikari.HikariDataSource] HikariPool-1 - Start completed. []
2022-06-30 12:07:25,760 INFO [org.springframework.web.context.ContextLoader] Root WebApplicationContext initialized in 2762 ms []
2022-06-30 12:07:25,843 INFO [org.springframework.web.servlet.FrameworkServlet] Initializing Servlet 'appServlet' []
2022-06-30 12:07:27,013 INFO [org.springframework.web.servlet.FrameworkServlet] Completed initialization in 1170 ms []
2022-06-30 12:07:33,437 INFO [com.spring.pr.HomeController] Welcome home! The client locale is ko_KR. []
2022-06-30 12:10:31,780 INFO [com.spring.pr.HomeController] Welcome home! The client locale is ko_KR. []
2022-06-30 12:11:55,025 INFO [com.zaxxer.hikari.HikariDataSource] HikariPool-1 - Shutdown initiated... []
2022-06-30 12:11:55,201 INFO [com.zaxxer.hikari.HikariDataSource] HikariPool-1 - Shutdown completed. []
2022-06-30 12:11:56,341 INFO [org.springframework.web.context.ContextLoader] Root WebApplicationContext: initialization started []
2022-06-30 12:11:56,681 INFO [com.zaxxer.hikari.HikariDataSource] HikariPool-3 - Starting... []
2022-06-30 12:11:57,793 INFO [com.zaxxer.hikari.HikariDataSource] HikariPool-3 - Start completed. []
2022-06-30 12:11:57,997 INFO [org.springframework.web.context.ContextLoader] Root WebApplicationContext initialized in 1654 ms []
2022-06-30 12:11:58,066 INFO [org.springframework.web.servlet.FrameworkServlet] Initializing Servlet 'appServlet' []
2022-06-30 12:11:58,885 INFO [org.springframework.web.servlet.FrameworkServlet] Completed initialization in 819 ms []
2022-06-30 12:13:30,142 INFO [com.zaxxer.hikari.HikariDataSource] HikariPool-3 - Shutdown initiated... []
2022-06-30 12:13:30,286 INFO [com.zaxxer.hikari.HikariDataSource] HikariPool-3 - Shutdown completed. []
2022-06-30 12:13:34,230 INFO [org.springframework.web.context.ContextLoader] Root WebApplicationContext: initialization started []
2022-06-30 12:13:34,856 INFO [com.zaxxer.hikari.HikariDataSource] HikariPool-1 - Starting... []
2022-06-30 12:13:36,360 INFO [com.zaxxer.hikari.HikariDataSource] HikariPool-1 - Start completed. []
2022-06-30 12:13:36,944 INFO [org.springframework.web.context.ContextLoader] Root WebApplicationContext initialized in 2708 ms []
2022-06-30 12:13:37,036 INFO [org.springframework.web.servlet.FrameworkServlet] Initializing Servlet 'appServlet' []
2022-06-30 12:13:38,403 INFO [org.springframework.web.servlet.FrameworkServlet] Completed initialization in 1366 ms []
2022-06-30 12:13:44,821 INFO [com.spring.pr.HomeController] Welcome home! The client locale is ko_KR. []
2022-06-30 12:16:38,977 INFO [com.zaxxer.hikari.HikariDataSource] HikariPool-1 - Shutdown initiated... []
2022-06-30 12:16:39,271 INFO [com.zaxxer.hikari.HikariDataSource] HikariPool-1 - Shutdown completed. []
2022-06-30 12:16:40,290 INFO [org.springframework.web.context.ContextLoader] Root WebApplicationContext: initialization started []
2022-06-30 12:16:40,623 INFO [com.zaxxer.hikari.HikariDataSource] HikariPool-3 - Starting... []
2022-06-30 12:16:41,554 INFO [com.zaxxer.hikari.HikariDataSource] HikariPool-3 - Start completed. []
2022-06-30 12:16:41,765 INFO [org.springframework.web.context.ContextLoader] Root WebApplicationContext initialized in 1474 ms []
2022-06-30 12:16:41,842 INFO [org.springframework.web.servlet.FrameworkServlet] Initializing Servlet 'appServlet' []
2022-06-30 12:16:42,835 INFO [org.springframework.web.servlet.FrameworkServlet] Completed initialization in 993 ms []
2022-06-30 12:17:06,414 INFO [com.zaxxer.hikari.HikariDataSource] HikariPool-3 - Shutdown initiated... []
2022-06-30 12:17:06,560 INFO [com.zaxxer.hikari.HikariDataSource] HikariPool-3 - Shutdown completed. []
2022-06-30 12:17:10,551 INFO [org.springframework.web.context.ContextLoader] Root WebApplicationContext: initialization started []
2022-06-30 12:17:11,156 INFO [com.zaxxer.hikari.HikariDataSource] HikariPool-1 - Starting... []
2022-06-30 12:17:12,620 INFO [com.zaxxer.hikari.HikariDataSource] HikariPool-1 - Start completed. []
2022-06-30 12:17:13,209 INFO [org.springframework.web.context.ContextLoader] Root WebApplicationContext initialized in 2652 ms []
2022-06-30 12:17:13,319 INFO [org.springframework.web.servlet.FrameworkServlet] Initializing Servlet 'appServlet' []
2022-06-30 12:17:14,527 INFO [org.springframework.web.servlet.FrameworkServlet] Completed initialization in 1208 ms []
2022-06-30 12:17:20,959 INFO [com.spring.pr.HomeController] Welcome home! The client locale is ko_KR. []
2022-06-30 12:20:59,467 INFO [com.zaxxer.hikari.HikariDataSource] HikariPool-1 - Shutdown initiated... []
2022-06-30 12:20:59,775 INFO [com.zaxxer.hikari.HikariDataSource] HikariPool-1 - Shutdown completed. []
2022-06-30 12:21:00,975 INFO [org.springframework.web.context.ContextLoader] Root WebApplicationContext: initialization started []
2022-06-30 12:21:01,335 INFO [com.zaxxer.hikari.HikariDataSource] HikariPool-3 - Starting... []
2022-06-30 12:21:02,848 INFO [com.zaxxer.hikari.HikariDataSource] HikariPool-3 - Start completed. []
2022-06-30 12:21:03,111 INFO [org.springframework.web.context.ContextLoader] Root WebApplicationContext initialized in 2133 ms []
2022-06-30 12:21:03,171 INFO [org.springframework.web.servlet.FrameworkServlet] Initializing Servlet 'appServlet' []
2022-06-30 12:21:04,104 INFO [org.springframework.web.servlet.FrameworkServlet] Completed initialization in 932 ms []
2022-06-30 12:24:32,528 INFO [com.zaxxer.hikari.HikariDataSource] HikariPool-3 - Shutdown initiated... []
2022-06-30 12:24:32,645 INFO [com.zaxxer.hikari.HikariDataSource] HikariPool-3 - Shutdown completed. []
2022-06-30 12:24:33,677 INFO [org.springframework.web.context.ContextLoader] Root WebApplicationContext: initialization started []
2022-06-30 12:24:33,991 INFO [com.zaxxer.hikari.HikariDataSource] HikariPool-4 - Starting... []
2022-06-30 12:24:34,994 INFO [com.zaxxer.hikari.HikariDataSource] HikariPool-4 - Start completed. []
2022-06-30 12:24:35,203 INFO [org.springframework.web.context.ContextLoader] Root WebApplicationContext initialized in 1524 ms []
2022-06-30 12:24:35,268 INFO [org.springframework.web.servlet.FrameworkServlet] Initializing Servlet 'appServlet' []
2022-06-30 12:24:36,111 INFO [org.springframework.web.servlet.FrameworkServlet] Completed initialization in 842 ms []
2022-06-30 12:25:08,616 INFO [com.zaxxer.hikari.HikariDataSource] HikariPool-4 - Shutdown initiated... []
2022-06-30 12:25:08,821 INFO [com.zaxxer.hikari.HikariDataSource] HikariPool-4 - Shutdown completed. []
2022-06-30 12:25:09,706 INFO [org.springframework.web.context.ContextLoader] Root WebApplicationContext: initialization started []
2022-06-30 12:25:09,973 INFO [com.zaxxer.hikari.HikariDataSource] HikariPool-5 - Starting... []
2022-06-30 12:25:10,976 INFO [com.zaxxer.hikari.HikariDataSource] HikariPool-5 - Start completed. []
2022-06-30 12:25:11,240 INFO [org.springframework.web.context.ContextLoader] Root WebApplicationContext initialized in 1532 ms []
2022-06-30 12:25:11,290 INFO [org.springframework.web.servlet.FrameworkServlet] Initializing Servlet 'appServlet' []
2022-06-30 12:25:12,176 INFO [org.springframework.web.servlet.FrameworkServlet] Completed initialization in 886 ms []
2022-06-30 12:25:36,904 INFO [com.zaxxer.hikari.HikariDataSource] HikariPool-5 - Shutdown initiated... []
2022-06-30 12:25:37,021 INFO [com.zaxxer.hikari.HikariDataSource] HikariPool-5 - Shutdown completed. []
2022-06-30 12:26:17,165 INFO [org.springframework.web.context.ContextLoader] Root WebApplicationContext: initialization started []
2022-06-30 12:26:17,770 INFO [com.zaxxer.hikari.HikariDataSource] HikariPool-1 - Starting... []
2022-06-30 12:26:19,293 INFO [com.zaxxer.hikari.HikariDataSource] HikariPool-1 - Start completed. []
2022-06-30 12:26:19,817 INFO [org.springframework.web.context.ContextLoader] Root WebApplicationContext initialized in 2649 ms []
2022-06-30 12:26:19,912 INFO [org.springframework.web.servlet.FrameworkServlet] Initializing Servlet 'appServlet' []
2022-06-30 12:26:21,108 INFO [org.springframework.web.servlet.FrameworkServlet] Completed initialization in 1196 ms []
2022-06-30 12:26:27,330 INFO [com.spring.pr.HomeController] Welcome home! The client locale is ko_KR. []
2022-06-30 12:35:52,833 WARN [org.springframework.web.servlet.DispatcherServlet] No mapping for GET /pr/board/css/bootstrap.css []
2022-06-30 12:35:52,833 WARN [org.springframework.web.servlet.DispatcherServlet] No mapping for GET /pr/board/css/custom.css []
2022-06-30 12:37:16,694 WARN [org.springframework.web.servlet.DispatcherServlet] No mapping for GET /pr/board/css/custom.css []
2022-06-30 12:37:16,697 WARN [org.springframework.web.servlet.DispatcherServlet] No mapping for GET /pr/board/css/bootstrap.css []
2022-06-30 12:38:19,255 INFO [com.zaxxer.hikari.HikariDataSource] HikariPool-1 - Shutdown initiated... []
2022-06-30 12:38:19,475 INFO [com.zaxxer.hikari.HikariDataSource] HikariPool-1 - Shutdown completed. []
2022-06-30 12:38:20,565 INFO [org.springframework.web.context.ContextLoader] Root WebApplicationContext: initialization started []
2022-06-30 12:38:20,895 INFO [com.zaxxer.hikari.HikariDataSource] HikariPool-3 - Starting... []
2022-06-30 12:38:21,789 INFO [com.zaxxer.hikari.HikariDataSource] HikariPool-3 - Start completed. []
2022-06-30 12:38:22,018 INFO [org.springframework.web.context.ContextLoader] Root WebApplicationContext initialized in 1451 ms []
2022-06-30 12:38:22,094 INFO [org.springframework.web.servlet.FrameworkServlet] Initializing Servlet 'appServlet' []
2022-06-30 12:38:23,139 INFO [org.springframework.web.servlet.FrameworkServlet] Completed initialization in 1045 ms []
2022-06-30 12:38:44,617 INFO [com.zaxxer.hikari.HikariDataSource] HikariPool-3 - Shutdown initiated... []
2022-06-30 12:38:44,785 INFO [com.zaxxer.hikari.HikariDataSource] HikariPool-3 - Shutdown completed. []
2022-06-30 12:38:45,994 INFO [org.springframework.web.context.ContextLoader] Root WebApplicationContext: initialization started []
2022-06-30 12:38:46,413 INFO [com.zaxxer.hikari.HikariDataSource] HikariPool-4 - Starting... []
2022-06-30 12:38:47,724 INFO [com.zaxxer.hikari.HikariDataSource] HikariPool-4 - Start completed. []
2022-06-30 12:38:48,028 INFO [org.springframework.web.context.ContextLoader] Root WebApplicationContext initialized in 2027 ms []
2022-06-30 12:38:48,100 INFO [org.springframework.web.servlet.FrameworkServlet] Initializing Servlet 'appServlet' []
2022-06-30 12:38:48,891 INFO [org.springframework.web.servlet.FrameworkServlet] Completed initialization in 790 ms []
2022-06-30 12:39:28,282 WARN [org.springframework.web.servlet.DispatcherServlet] No mapping for GET /pr/board/css/custom.css []
2022-06-30 12:39:28,283 WARN [org.springframework.web.servlet.DispatcherServlet] No mapping for GET /pr/board/css/bootstrap.css []
2022-06-30 12:39:42,613 WARN [org.springframework.web.servlet.DispatcherServlet] No mapping for GET /pr/board/css/bootstrap.css []
2022-06-30 12:39:42,614 WARN [org.springframework.web.servlet.DispatcherServlet] No mapping for GET /pr/board/css/custom.css []
2022-06-30 12:40:05,329 INFO [com.zaxxer.hikari.HikariDataSource] HikariPool-4 - Shutdown initiated... []
2022-06-30 12:40:05,459 INFO [com.zaxxer.hikari.HikariDataSource] HikariPool-4 - Shutdown completed. []
2022-06-30 12:40:06,342 INFO [org.springframework.web.context.ContextLoader] Root WebApplicationContext: initialization started []
2022-06-30 12:40:06,632 INFO [com.zaxxer.hikari.HikariDataSource] HikariPool-5 - Starting... []
2022-06-30 12:40:07,484 INFO [com.zaxxer.hikari.HikariDataSource] HikariPool-5 - Start completed. []
2022-06-30 12:40:07,657 INFO [org.springframework.web.context.ContextLoader] Root WebApplicationContext initialized in 1313 ms []
2022-06-30 12:40:07,749 INFO [org.springframework.web.servlet.FrameworkServlet] Initializing Servlet 'appServlet' []
2022-06-30 12:40:08,547 INFO [org.springframework.web.servlet.FrameworkServlet] Completed initialization in 797 ms []
2022-06-30 12:41:16,424 WARN [org.springframework.web.servlet.DispatcherServlet] No mapping for GET /pr/board/css/custom.css []
2022-06-30 12:41:16,425 WARN [org.springframework.web.servlet.DispatcherServlet] No mapping for GET /pr/board/js/bootstrap.js []
2022-06-30 12:41:16,424 WARN [org.springframework.web.servlet.DispatcherServlet] No mapping for GET /pr/board/css/bootstrap.css []
2022-06-30 12:41:16,449 WARN [org.springframework.web.servlet.DispatcherServlet] No mapping for GET /pr/board/css/custom.css []
2022-06-30 12:41:39,521 WARN [org.springframework.web.servlet.DispatcherServlet] No mapping for GET /pr/board/css/custom.css []
2022-06-30 12:41:39,522 WARN [org.springframework.web.servlet.DispatcherServlet] No mapping for GET /pr/board/css/bootstrap.css []
2022-06-30 12:41:39,521 WARN [org.springframework.web.servlet.DispatcherServlet] No mapping for GET /pr/board/js/bootstrap.js []
2022-06-30 12:41:39,534 WARN [org.springframework.web.servlet.DispatcherServlet] No mapping for GET /pr/board/css/custom.css []
2022-06-30 12:42:27,191 WARN [org.springframework.web.servlet.DispatcherServlet] No mapping for GET /pr/board/js/bootstrap.js []
2022-06-30 12:42:27,192 WARN [org.springframework.web.servlet.DispatcherServlet] No mapping for GET /pr/board/css/bootstrap.css []
2022-06-30 12:42:27,192 WARN [org.springframework.web.servlet.DispatcherServlet] No mapping for GET /pr/board/css/custom.css []
2022-06-30 12:42:27,201 WARN [org.springframework.web.servlet.DispatcherServlet] No mapping for GET /pr/board/css/custom.css []
2022-06-30 12:42:27,208 WARN [org.springframework.web.servlet.DispatcherServlet] No mapping for GET /pr/board/js/bootstrap.js []
2022-06-30 12:42:29,660 WARN [org.springframework.web.servlet.DispatcherServlet] No mapping for GET /pr/board/css/custom.css []
2022-06-30 12:42:29,662 WARN [org.springframework.web.servlet.DispatcherServlet] No mapping for GET /pr/board/js/bootstrap.js []
2022-06-30 12:42:29,661 WARN [org.springframework.web.servlet.DispatcherServlet] No mapping for GET /pr/board/css/bootstrap.css []
2022-06-30 12:42:29,672 WARN [org.springframework.web.servlet.DispatcherServlet] No mapping for GET /pr/board/css/custom.css []
2022-06-30 12:42:29,684 WARN [org.springframework.web.servlet.DispatcherServlet] No mapping for GET /pr/board/js/bootstrap.js []
2022-06-30 12:44:25,353 WARN [org.springframework.web.servlet.DispatcherServlet] No mapping for GET /pr/board/js/bootstrap.js []
2022-06-30 12:44:25,355 WARN [org.springframework.web.servlet.DispatcherServlet] No mapping for GET /pr/board/css/custom.css []
2022-06-30 12:44:25,355 WARN [org.springframework.web.servlet.DispatcherServlet] No mapping for GET /pr/board/css/bootstrap.css []
2022-06-30 12:44:25,364 WARN [org.springframework.web.servlet.DispatcherServlet] No mapping for GET /pr/board/css/custom.css []
2022-06-30 12:44:25,371 WARN [org.springframework.web.servlet.DispatcherServlet] No mapping for GET /pr/board/js/bootstrap.js []
2022-06-30 12:45:57,431 WARN [org.springframework.web.servlet.DispatcherServlet] No mapping for GET /pr/board/css/bootstrap.css []
2022-06-30 12:45:57,431 WARN [org.springframework.web.servlet.DispatcherServlet] No mapping for GET /pr/board/css/custom.css []
2022-06-30 12:45:57,438 WARN [org.springframework.web.servlet.DispatcherServlet] No mapping for GET /pr/board/js/bootstrap.js []
2022-06-30 12:46:08,285 WARN [org.springframework.web.servlet.DispatcherServlet] No mapping for GET /pr/board/js/bootstrap.js []
2022-06-30 12:46:08,285 WARN [org.springframework.web.servlet.DispatcherServlet] No mapping for GET /pr/board/css/custom.css []
2022-06-30 12:46:08,290 WARN [org.springframework.web.servlet.DispatcherServlet] No mapping for GET /pr/board/css/bootstrap.css []
2022-06-30 12:46:32,492 WARN [org.springframework.web.servlet.DispatcherServlet] No mapping for GET /pr/board/css/bootstrap.css []
2022-06-30 12:46:32,493 WARN [org.springframework.web.servlet.DispatcherServlet] No mapping for GET /pr/board/js/bootstrap.js []
2022-06-30 12:46:32,493 WARN [org.springframework.web.servlet.DispatcherServlet] No mapping for GET /pr/board/css/custom.css []
2022-06-30 12:47:27,185 WARN [org.springframework.web.servlet.DispatcherServlet] No mapping for GET /pr/board/css/custom.css []
2022-06-30 12:47:27,194 WARN [org.springframework.web.servlet.DispatcherServlet] No mapping for GET /pr/board/css/bootstrap.css []
2022-06-30 12:47:27,194 WARN [org.springframework.web.servlet.DispatcherServlet] No mapping for GET /pr/board/js/bootstrap.js []
2022-06-30 12:49:28,290 WARN [org.springframework.web.servlet.DispatcherServlet] No mapping for GET /pr/board/css/custom.css []
2022-06-30 12:49:28,290 WARN [org.springframework.web.servlet.DispatcherServlet] No mapping for GET /pr/board/css/bootstrap.css []
2022-06-30 12:49:28,290 WARN [org.springframework.web.servlet.DispatcherServlet] No mapping for GET /pr/board/js/bootstrap.js []
2022-06-30 12:58:17,246 INFO [com.zaxxer.hikari.HikariDataSource] HikariPool-5 - Shutdown initiated... []
2022-06-30 12:58:17,392 INFO [com.zaxxer.hikari.HikariDataSource] HikariPool-5 - Shutdown completed. []
2022-06-30 13:00:28,833 INFO [org.springframework.web.context.ContextLoader] Root WebApplicationContext: initialization started []
2022-06-30 13:00:29,430 INFO [com.zaxxer.hikari.HikariDataSource] HikariPool-1 - Starting... []
2022-06-30 13:00:31,613 INFO [com.zaxxer.hikari.HikariDataSource] HikariPool-1 - Start completed. []
2022-06-30 13:00:32,136 INFO [org.springframework.web.context.ContextLoader] Root WebApplicationContext initialized in 3297 ms []
2022-06-30 13:00:32,246 INFO [org.springframework.web.servlet.FrameworkServlet] Initializing Servlet 'appServlet' []
2022-06-30 13:00:33,413 INFO [org.springframework.web.servlet.FrameworkServlet] Completed initialization in 1167 ms []
2022-06-30 13:00:36,217 INFO [com.spring.pr.HomeController] Welcome home! The client locale is ko_KR. []
2022-06-30 13:00:54,340 INFO [com.zaxxer.hikari.HikariDataSource] HikariPool-1 - Shutdown initiated... []
2022-06-30 13:00:54,474 INFO [com.zaxxer.hikari.HikariDataSource] HikariPool-1 - Shutdown completed. []
